<?xml version="1.0" encoding="UTF-8"?>
<!-- Generated by org.testng.reporters.JUnitReportReporter -->
<testsuite hostname="Jose-Rivera" failures="0" tests="1" name="com.herokuapp.theinternet.NegativeTests" time="4.498" errors="0" timestamp="2023-09-22T11:55:57 EDT" skipped="0">
  <testcase classname="com.herokuapp.theinternet.NegativeTests" name="incorrectUsernameTest" time="4.498"/>
</testsuite> <!-- com.herokuapp.theinternet.NegativeTests -->
